[2026-07-12T21:56:40.051Z] [INFO] Scheduled task: Full anatomy rescan (0 */6 * * *)
[2026-07-12T21:56:40.053Z] [INFO] Scheduled task: Consolidate old memory (0 2 * * *)
[2026-07-12T21:56:40.053Z] [INFO] Scheduled task: Token audit report (0 0 * * 1)
[2026-07-12T21:56:40.054Z] [INFO] Scheduled task: Cerebrum reflection (0 3 * * 0)
[2026-07-12T21:56:40.054Z] [INFO] Scheduled task: AI suggestions (0 4 * * 1)
[2026-07-12T21:56:40.055Z] [INFO] File watcher started on .wolf/
[2026-07-12T21:56:40.056Z] [INFO] OpenWolf daemon started
[2026-07-12T21:56:40.057Z] [INFO] Dashboard server listening on port 18791
[2026-07-12T21:56:40.286Z] [INFO] Scheduled task: Full anatomy rescan (0 */6 * * *)
[2026-07-12T21:56:40.288Z] [INFO] Scheduled task: Consolidate old memory (0 2 * * *)
[2026-07-12T21:56:40.289Z] [INFO] Scheduled task: Token audit report (0 0 * * 1)
[2026-07-12T21:56:40.289Z] [INFO] Scheduled task: Cerebrum reflection (0 3 * * 0)
[2026-07-12T21:56:40.289Z] [INFO] Scheduled task: AI suggestions (0 4 * * 1)
[2026-07-12T21:56:40.290Z] [INFO] File watcher started on .wolf/
[2026-07-12T21:56:40.291Z] [INFO] OpenWolf daemon started
[2026-07-12T21:56:40.291Z] [INFO] Dashboard server listening on port 18791
[2026-07-12T21:56:40.540Z] [INFO] Scheduled task: Full anatomy rescan (0 */6 * * *)
[2026-07-12T21:56:40.542Z] [INFO] Scheduled task: Consolidate old memory (0 2 * * *)
[2026-07-12T21:56:40.543Z] [INFO] Scheduled task: Token audit report (0 0 * * 1)
[2026-07-12T21:56:40.543Z] [INFO] Scheduled task: Cerebrum reflection (0 3 * * 0)
[2026-07-12T21:56:40.543Z] [INFO] Scheduled task: AI suggestions (0 4 * * 1)
[2026-07-12T21:56:40.544Z] [INFO] File watcher started on .wolf/
[2026-07-12T21:56:40.545Z] [INFO] OpenWolf daemon started
[2026-07-12T21:56:40.545Z] [INFO] Dashboard server listening on port 18791
[2026-07-12T21:56:40.847Z] [INFO] Scheduled task: Full anatomy rescan (0 */6 * * *)
[2026-07-12T21:56:40.849Z] [INFO] Scheduled task: Consolidate old memory (0 2 * * *)
[2026-07-12T21:56:40.849Z] [INFO] Scheduled task: Token audit report (0 0 * * 1)
[2026-07-12T21:56:40.850Z] [INFO] Scheduled task: Cerebrum reflection (0 3 * * 0)
[2026-07-12T21:56:40.850Z] [INFO] Scheduled task: AI suggestions (0 4 * * 1)
[2026-07-12T21:56:40.851Z] [INFO] File watcher started on .wolf/
[2026-07-12T21:56:40.852Z] [INFO] OpenWolf daemon started
[2026-07-12T21:56:40.853Z] [INFO] Dashboard server listening on port 18791
[2026-07-12T21:56:41.118Z] [INFO] Scheduled task: Full anatomy rescan (0 */6 * * *)
[2026-07-12T21:56:41.119Z] [INFO] Scheduled task: Consolidate old memory (0 2 * * *)
[2026-07-12T21:56:41.119Z] [INFO] Scheduled task: Token audit report (0 0 * * 1)
[2026-07-12T21:56:41.120Z] [INFO] Scheduled task: Cerebrum reflection (0 3 * * 0)
[2026-07-12T21:56:41.120Z] [INFO] Scheduled task: AI suggestions (0 4 * * 1)
[2026-07-12T21:56:41.122Z] [INFO] File watcher started on .wolf/
[2026-07-12T21:56:41.123Z] [INFO] OpenWolf daemon started
[2026-07-12T21:56:41.123Z] [INFO] Dashboard server listening on port 18791
[2026-07-12T21:56:41.358Z] [INFO] Scheduled task: Full anatomy rescan (0 */6 * * *)
[2026-07-12T21:56:41.359Z] [INFO] Scheduled task: Consolidate old memory (0 2 * * *)
[2026-07-12T21:56:41.360Z] [INFO] Scheduled task: Token audit report (0 0 * * 1)
[2026-07-12T21:56:41.360Z] [INFO] Scheduled task: Cerebrum reflection (0 3 * * 0)
[2026-07-12T21:56:41.360Z] [INFO] Scheduled task: AI suggestions (0 4 * * 1)
[2026-07-12T21:56:41.361Z] [INFO] File watcher started on .wolf/
[2026-07-12T21:56:41.362Z] [INFO] OpenWolf daemon started
[2026-07-12T21:56:41.362Z] [INFO] Dashboard server listening on port 18791
[2026-07-12T21:56:41.582Z] [INFO] Scheduled task: Full anatomy rescan (0 */6 * * *)
[2026-07-12T21:56:41.583Z] [INFO] Scheduled task: Consolidate old memory (0 2 * * *)
[2026-07-12T21:56:41.584Z] [INFO] Scheduled task: Token audit report (0 0 * * 1)
[2026-07-12T21:56:41.584Z] [INFO] Scheduled task: Cerebrum reflection (0 3 * * 0)
[2026-07-12T21:56:41.584Z] [INFO] Scheduled task: AI suggestions (0 4 * * 1)
[2026-07-12T21:56:41.585Z] [INFO] File watcher started on .wolf/
[2026-07-12T21:56:41.585Z] [INFO] OpenWolf daemon started
[2026-07-12T21:56:41.586Z] [INFO] Dashboard server listening on port 18791
[2026-07-12T21:56:41.784Z] [INFO] Scheduled task: Full anatomy rescan (0 */6 * * *)
[2026-07-12T21:56:41.785Z] [INFO] Scheduled task: Consolidate old memory (0 2 * * *)
[2026-07-12T21:56:41.785Z] [INFO] Scheduled task: Token audit report (0 0 * * 1)
[2026-07-12T21:56:41.786Z] [INFO] Scheduled task: Cerebrum reflection (0 3 * * 0)
[2026-07-12T21:56:41.786Z] [INFO] Scheduled task: AI suggestions (0 4 * * 1)
[2026-07-12T21:56:41.787Z] [INFO] File watcher started on .wolf/
[2026-07-12T21:56:41.787Z] [INFO] OpenWolf daemon started
[2026-07-12T21:56:41.788Z] [INFO] Dashboard server listening on port 18791
[2026-07-12T21:56:41.990Z] [INFO] Scheduled task: Full anatomy rescan (0 */6 * * *)
[2026-07-12T21:56:41.993Z] [INFO] Scheduled task: Consolidate old memory (0 2 * * *)
[2026-07-12T21:56:41.993Z] [INFO] Scheduled task: Token audit report (0 0 * * 1)
[2026-07-12T21:56:41.993Z] [INFO] Scheduled task: Cerebrum reflection (0 3 * * 0)
[2026-07-12T21:56:41.993Z] [INFO] Scheduled task: AI suggestions (0 4 * * 1)
[2026-07-12T21:56:41.994Z] [INFO] File watcher started on .wolf/
[2026-07-12T21:56:41.995Z] [INFO] OpenWolf daemon started
[2026-07-12T21:56:41.995Z] [INFO] Dashboard server listening on port 18791
[2026-07-12T21:56:42.201Z] [INFO] Scheduled task: Full anatomy rescan (0 */6 * * *)
[2026-07-12T21:56:42.202Z] [INFO] Scheduled task: Consolidate old memory (0 2 * * *)
[2026-07-12T21:56:42.202Z] [INFO] Scheduled task: Token audit report (0 0 * * 1)
[2026-07-12T21:56:42.203Z] [INFO] Scheduled task: Cerebrum reflection (0 3 * * 0)
[2026-07-12T21:56:42.203Z] [INFO] Scheduled task: AI suggestions (0 4 * * 1)
[2026-07-12T21:56:42.204Z] [INFO] File watcher started on .wolf/
[2026-07-12T21:56:42.205Z] [INFO] OpenWolf daemon started
[2026-07-12T21:56:42.206Z] [INFO] Dashboard server listening on port 18791
[2026-07-12T21:56:42.513Z] [INFO] Scheduled task: Full anatomy rescan (0 */6 * * *)
[2026-07-12T21:56:42.515Z] [INFO] Scheduled task: Consolidate old memory (0 2 * * *)
[2026-07-12T21:56:42.515Z] [INFO] Scheduled task: Token audit report (0 0 * * 1)
[2026-07-12T21:56:42.515Z] [INFO] Scheduled task: Cerebrum reflection (0 3 * * 0)
[2026-07-12T21:56:42.516Z] [INFO] Scheduled task: AI suggestions (0 4 * * 1)
[2026-07-12T21:56:42.517Z] [INFO] File watcher started on .wolf/
[2026-07-12T21:56:42.518Z] [INFO] OpenWolf daemon started
[2026-07-12T21:56:42.518Z] [INFO] Dashboard server listening on port 18791
[2026-07-12T21:56:42.820Z] [INFO] Scheduled task: Full anatomy rescan (0 */6 * * *)
[2026-07-12T21:56:42.822Z] [INFO] Scheduled task: Consolidate old memory (0 2 * * *)
[2026-07-12T21:56:42.822Z] [INFO] Scheduled task: Token audit report (0 0 * * 1)
[2026-07-12T21:56:42.822Z] [INFO] Scheduled task: Cerebrum reflection (0 3 * * 0)
[2026-07-12T21:56:42.823Z] [INFO] Scheduled task: AI suggestions (0 4 * * 1)
[2026-07-12T21:56:42.824Z] [INFO] File watcher started on .wolf/
[2026-07-12T21:56:42.825Z] [INFO] OpenWolf daemon started
[2026-07-12T21:56:42.825Z] [INFO] Dashboard server listening on port 18791
[2026-07-12T21:56:43.064Z] [INFO] Scheduled task: Full anatomy rescan (0 */6 * * *)
[2026-07-12T21:56:43.066Z] [INFO] Scheduled task: Consolidate old memory (0 2 * * *)
[2026-07-12T21:56:43.066Z] [INFO] Scheduled task: Token audit report (0 0 * * 1)
[2026-07-12T21:56:43.066Z] [INFO] Scheduled task: Cerebrum reflection (0 3 * * 0)
[2026-07-12T21:56:43.067Z] [INFO] Scheduled task: AI suggestions (0 4 * * 1)
[2026-07-12T21:56:43.067Z] [INFO] File watcher started on .wolf/
[2026-07-12T21:56:43.068Z] [INFO] OpenWolf daemon started
[2026-07-12T21:56:43.068Z] [INFO] Dashboard server listening on port 18791
[2026-07-12T21:56:43.329Z] [INFO] Scheduled task: Full anatomy rescan (0 */6 * * *)
[2026-07-12T21:56:43.331Z] [INFO] Scheduled task: Consolidate old memory (0 2 * * *)
[2026-07-12T21:56:43.331Z] [INFO] Scheduled task: Token audit report (0 0 * * 1)
[2026-07-12T21:56:43.332Z] [INFO] Scheduled task: Cerebrum reflection (0 3 * * 0)
[2026-07-12T21:56:43.332Z] [INFO] Scheduled task: AI suggestions (0 4 * * 1)
[2026-07-12T21:56:43.333Z] [INFO] File watcher started on .wolf/
[2026-07-12T21:56:43.334Z] [INFO] OpenWolf daemon started
[2026-07-12T21:56:43.335Z] [INFO] Dashboard server listening on port 18791
[2026-07-12T21:56:43.581Z] [INFO] Scheduled task: Full anatomy rescan (0 */6 * * *)
[2026-07-12T21:56:43.583Z] [INFO] Scheduled task: Consolidate old memory (0 2 * * *)
[2026-07-12T21:56:43.583Z] [INFO] Scheduled task: Token audit report (0 0 * * 1)
[2026-07-12T21:56:43.583Z] [INFO] Scheduled task: Cerebrum reflection (0 3 * * 0)
[2026-07-12T21:56:43.583Z] [INFO] Scheduled task: AI suggestions (0 4 * * 1)
[2026-07-12T21:56:43.584Z] [INFO] File watcher started on .wolf/
[2026-07-12T21:56:43.585Z] [INFO] OpenWolf daemon started
[2026-07-12T21:56:43.585Z] [INFO] Dashboard server listening on port 18791
[2026-07-12T21:56:43.834Z] [INFO] Scheduled task: Full anatomy rescan (0 */6 * * *)
[2026-07-12T21:56:43.836Z] [INFO] Scheduled task: Consolidate old memory (0 2 * * *)
[2026-07-12T21:56:43.836Z] [INFO] Scheduled task: Token audit report (0 0 * * 1)
[2026-07-12T21:56:43.836Z] [INFO] Scheduled task: Cerebrum reflection (0 3 * * 0)
[2026-07-12T21:56:43.836Z] [INFO] Scheduled task: AI suggestions (0 4 * * 1)
[2026-07-12T21:56:43.838Z] [INFO] File watcher started on .wolf/
[2026-07-12T21:56:43.839Z] [INFO] OpenWolf daemon started
[2026-07-12T21:56:43.840Z] [INFO] Dashboard server listening on port 18791
